<?xml version="1.0" encoding="UTF-8"?>
<testng-results ignored="0" total="3" passed="3" failed="0" skipped="0">
  <reporter-output>
  </reporter-output>
  <suite started-at="2022-07-20T15:03:02 IST" name="Default suite" finished-at="2022-07-20T15:03:02 IST" duration-ms="53">
    <groups>
    </groups>
    <test started-at="2022-07-20T15:03:02 IST" name="Default test" finished-at="2022-07-20T15:03:02 IST" duration-ms="53">
      <class name="myTest.introduction">
        <test-method is-config="true" signature="beforetest()[pri:0, instance:myTest.introduction@29e495ff]" started-at="2022-07-20T15:03:02 IST" name="beforetest" finished-at="2022-07-20T15:03:02 IST" duration-ms="8" status="PASS">
          <reporter-output>
          </reporter-output>
        </test-method> <!-- beforetest -->
        <test-method is-config="true" signature="beforeclass()[pri:0, instance:myTest.introduction@29e495ff]" started-at="2022-07-20T15:03:02 IST" name="beforeclass" finished-at="2022-07-20T15:03:02 IST" duration-ms="1" status="PASS">
          <reporter-output>
          </reporter-output>
        </test-method> <!-- beforeclass -->
        <test-method is-config="true" signature="beforemethod()[pri:0, instance:myTest.introduction@29e495ff]" started-at="2022-07-20T15:03:02 IST" name="beforemethod" finished-at="2022-07-20T15:03:02 IST" duration-ms="0" status="PASS">
          <reporter-output>
          </reporter-output>
        </test-method> <!-- beforemethod -->
        <test-method signature="test1()[pri:0, instance:myTest.introduction@29e495ff]" started-at="2022-07-20T15:03:02 IST" name="test1" finished-at="2022-07-20T15:03:02 IST" duration-ms="6" status="PASS">
          <reporter-output>
          </reporter-output>
        </test-method> <!-- test1 -->
        <test-method is-config="true" signature="aftermethod()[pri:0, instance:myTest.introduction@29e495ff]" started-at="2022-07-20T15:03:02 IST" name="aftermethod" finished-at="2022-07-20T15:03:02 IST" duration-ms="0" status="PASS">
          <reporter-output>
          </reporter-output>
        </test-method> <!-- aftermethod -->
        <test-method is-config="true" signature="beforemethod()[pri:0, instance:myTest.introduction@29e495ff]" started-at="2022-07-20T15:03:02 IST" name="beforemethod" finished-at="2022-07-20T15:03:02 IST" duration-ms="0" status="PASS">
          <reporter-output>
          </reporter-output>
        </test-method> <!-- beforemethod -->
        <test-method signature="test2()[pri:0, instance:myTest.introduction@29e495ff]" started-at="2022-07-20T15:03:02 IST" name="test2" finished-at="2022-07-20T15:03:02 IST" duration-ms="1" status="PASS">
          <reporter-output>
          </reporter-output>
        </test-method> <!-- test2 -->
        <test-method signature="test3()[pri:0, instance:myTest.introduction@29e495ff]" started-at="2022-07-20T15:03:02 IST" name="test3" finished-at="2022-07-20T15:03:02 IST" duration-ms="1" status="PASS">
          <reporter-output>
          </reporter-output>
        </test-method> <!-- test3 -->
        <test-method is-config="true" signature="aftermethod()[pri:0, instance:myTest.introduction@29e495ff]" started-at="2022-07-20T15:03:02 IST" name="aftermethod" finished-at="2022-07-20T15:03:02 IST" duration-ms="0" status="PASS">
          <reporter-output>
          </reporter-output>
        </test-method> <!-- aftermethod -->
        <test-method is-config="true" signature="beforemethod()[pri:0, instance:myTest.introduction@29e495ff]" started-at="2022-07-20T15:03:02 IST" name="beforemethod" finished-at="2022-07-20T15:03:02 IST" duration-ms="0" status="PASS">
          <reporter-output>
          </reporter-output>
        </test-method> <!-- beforemethod -->
        <test-method is-config="true" signature="aftermethod()[pri:0, instance:myTest.introduction@29e495ff]" started-at="2022-07-20T15:03:02 IST" name="aftermethod" finished-at="2022-07-20T15:03:02 IST" duration-ms="0" status="PASS">
          <reporter-output>
          </reporter-output>
        </test-method> <!-- aftermethod -->
        <test-method is-config="true" signature="afterclass()[pri:0, instance:myTest.introduction@29e495ff]" started-at="2022-07-20T15:03:02 IST" name="afterclass" finished-at="2022-07-20T15:03:02 IST" duration-ms="0" status="PASS">
          <reporter-output>
          </reporter-output>
        </test-method> <!-- afterclass -->
        <test-method is-config="true" signature="aftertest()[pri:0, instance:myTest.introduction@29e495ff]" started-at="2022-07-20T15:03:02 IST" name="aftertest" finished-at="2022-07-20T15:03:02 IST" duration-ms="0" status="PASS">
          <reporter-output>
          </reporter-output>
        </test-method> <!-- aftertest -->
      </class> <!-- myTest.introduction -->
    </test> <!-- Default test -->
  </suite> <!-- Default suite -->
</testng-results>
