<?xml version="1.0" encoding="UTF-8"?>
<!-- Generated by org.testng.reporters.JUnitXMLReporter -->
<testsuite ignored="0" hostname="QT-INBG-LT0353" failures="0" tests="3" name="Default test" time="0.053" errors="0" timestamp="2022-07-20T15:03:02 IST">
  <testcase classname="myTest.introduction" name="test1" time="0.006"/>
  <testcase classname="myTest.introduction" name="test2" time="0.001"/>
  <testcase classname="myTest.introduction" name="test3" time="0.001"/>
</testsuite> <!-- Default test -->
