<?xml version="1.0" encoding="UTF-8"?>
<testng-results ignored="0" total="1" passed="1" failed="0" skipped="0">
  <reporter-output>
  </reporter-output>
  <suite started-at="2022-06-21T16:28:29 IST" name="Default suite" finished-at="2022-06-21T16:28:40 IST" duration-ms="11798">
    <groups>
    </groups>
    <test started-at="2022-06-21T16:28:29 IST" name="Default test" finished-at="2022-06-21T16:28:40 IST" duration-ms="11798">
      <class name="test.NewUserRegistration">
        <test-method signature="SignUp()[pri:0, instance:test.NewUserRegistration@355ce81c]" started-at="2022-06-21T16:28:29 IST" name="SignUp" finished-at="2022-06-21T16:28:40 IST" duration-ms="11760" status="PASS">
          <reporter-output>
          </reporter-output>
        </test-method> <!-- SignUp -->
      </class> <!-- test.NewUserRegistration -->
    </test> <!-- Default test -->
  </suite> <!-- Default suite -->
</testng-results>
