<?xml version="1.0" encoding="UTF-8"?>
<testng-results ignored="0" total="1" passed="1" failed="0" skipped="0">
  <reporter-output>
  </reporter-output>
  <suite started-at="2022-08-04T13:46:15 IST" name="Default suite" finished-at="2022-08-04T13:46:38 IST" duration-ms="23259">
    <groups>
    </groups>
    <test started-at="2022-08-04T13:46:15 IST" name="Default test" finished-at="2022-08-04T13:46:38 IST" duration-ms="23259">
      <class name="Testcases.OrangeHRMendToend">
        <test-method signature="end2endflow()[pri:0, instance:Testcases.OrangeHRMendToend@40cb8df7]" started-at="2022-08-04T13:46:15 IST" name="end2endflow" finished-at="2022-08-04T13:46:38 IST" duration-ms="23218" status="PASS">
          <reporter-output>
          </reporter-output>
        </test-method> <!-- end2endflow -->
      </class> <!-- Testcases.OrangeHRMendToend -->
    </test> <!-- Default test -->
  </suite> <!-- Default suite -->
</testng-results>
